<?xml version="1.0" encoding="UTF-8"?>
<!-- Generated by org.testng.reporters.JUnitXMLReporter -->
<testsuite hostname="DESKTOP-LP4VR5A" ignored="1" name="TestVideo" tests="5" failures="0" timestamp="2022-12-01T18:48:45 ICT" time="39.86" errors="0">
  <testcase name="LaunchWebsite1" time="1.871" classname="fpoly.TestVideo"/>
  <testcase name="FillLoginDetails" time="2.857" classname="fpoly.TestVideo"/>
  <testcase name="DoLogin" time="5.621" classname="fpoly.TestVideo"/>
  <testcase name="LaunchWebsite2" time="7.717" classname="fpoly.TestVideo"/>
  <testcase name="VideoDetail" time="4.715" classname="fpoly.TestVideo"/>
  <testcase name="VideoLikeUnLike" time="0.0" classname="fpoly.TestVideo">
    <ignored/>
  </testcase> <!-- VideoLikeUnLike -->
</testsuite> <!-- TestVideo -->
