<?xml version="1.0" encoding="UTF-8"?>
<!-- Generated by org.testng.reporters.JUnitXMLReporter -->
<testsuite hostname="DESKTOP-LP4VR5A" ignored="0" name="TestHistory" tests="7" failures="0" timestamp="2022-12-02T23:56:13 ICT" time="37.288" errors="0">
  <testcase name="LaunchWebsite1" time="1.46" classname="fpoly.TestHistory"/>
  <testcase name="FillRegisterDetails" time="2.97" classname="fpoly.TestHistory"/>
  <testcase name="DoRegister" time="9.86" classname="fpoly.TestHistory"/>
  <testcase name="LaunchWebsite2" time="4.329" classname="fpoly.TestHistory"/>
  <testcase name="VideoDetail" time="3.335" classname="fpoly.TestHistory"/>
  <testcase name="LaunchWebsite3" time="1.257" classname="fpoly.TestHistory"/>
  <testcase name="LaunchWebsiteHistory" time="5.859" classname="fpoly.TestHistory"/>
</testsuite> <!-- TestHistory -->
