<?xml version="1.0" encoding="UTF-8"?>
<!-- Generated by org.testng.reporters.JUnitXMLReporter -->
<testsuite hostname="DESKTOP-LP4VR5A" ignored="0" name="TestRegister" tests="3" failures="0" timestamp="2022-12-01T18:46:22 ICT" time="29.209" errors="0">
  <testcase name="LaunchWebsite" time="1.615" classname="fpoly.TestRegister"/>
  <testcase name="FillRegisterDetails" time="3.656" classname="fpoly.TestRegister"/>
  <testcase name="DoRegister" time="10.328" classname="fpoly.TestRegister"/>
</testsuite> <!-- TestRegister -->
