<?xml version="1.0" encoding="UTF-8"?>
<!-- Generated by org.testng.reporters.JUnitXMLReporter -->
<testsuite hostname="DESKTOP-LP4VR5A" ignored="0" name="TestLogin" tests="3" failures="0" timestamp="2022-12-01T18:45:01 ICT" time="24.302" errors="0">
  <testcase name="LaunchWebsite" time="2.11" classname="fpoly.TestLogin"/>
  <testcase name="FillLoginDetails" time="1.867" classname="fpoly.TestLogin"/>
  <testcase name="DoLogin" time="4.564" classname="fpoly.TestLogin"/>
</testsuite> <!-- TestLogin -->
